{"uuid": "44813064-1861-4a04-9c16-638c30e9829c", "children": ["4d06ecb2-7781-437d-a461-1252d74c2e6c"], "befores": [{"name": "logged_in_main_page_driver", "status": "failed", "statusDetails": {"message": "AssertionError: ElementClickInterceptedException()\nassert False\n", "trace": "  File \"D:\\Imagination\\QA\\PyCharmProjects\\diplom\\Diplom_3\\.venv\\Lib\\site-packages\\pluggy\\_callers.py\", line 167, in _multicall\n    teardown.throw(outcome._exception)\n  File \"D:\\Imagination\\QA\\PyCharmProjects\\diplom\\Diplom_3\\.venv\\Lib\\site-packages\\_pytest\\setuponly.py\", line 36, in pytest_fixture_setup\n    return (yield)\n            ^^^^^\n  File \"D:\\Imagination\\QA\\PyCharmProjects\\diplom\\Diplom_3\\.venv\\Lib\\site-packages\\pluggy\\_callers.py\", line 103, in _multicall\n    res = hook_impl.function(*args)\n          ^^^^^^^^^^^^^^^^^^^^^^^^^\n  File \"D:\\Imagination\\QA\\PyCharmProjects\\diplom\\Diplom_3\\.venv\\Lib\\site-packages\\_pytest\\fixtures.py\", line 1140, in pytest_fixture_setup\n    result = call_fixture_func(fixturefunc, request, kwargs)\n             ^^^^^^^^^^^^^^^^^^^^^^^^^^^^^^^^^^^^^^^^^^^^^^^\n  File \"D:\\Imagination\\QA\\PyCharmProjects\\diplom\\Diplom_3\\.venv\\Lib\\site-packages\\_pytest\\fixtures.py\", line 891, in call_fixture_func\n    fixture_result = next(generator)\n                     ^^^^^^^^^^^^^^^\n  File \"D:\\Imagination\\QA\\PyCharmProjects\\diplom\\Diplom_3\\conftest.py\", line 46, in logged_in_main_page_driver\n    assert False, e\n"}, "steps": [{"name": "Регистрация пользователя с данными {'email': 'elizabethpalmer@example.com', 'password': '*5Fi5O6xpR', 'name': 'Denise Greene'}", "status": "passed", "parameters": [{"name": "user_data", "value": "{'email': 'elizabethpalmer@example.com', 'password': '*5Fi5O6xpR', 'name': 'Denise Greene'}"}], "start": 1741244870547, "stop": 1741244870795}, {"name": "Настройка драйвера браузера 'firefox'", "status": "passed", "parameters": [{"name": "browser", "value": "'firefox'"}], "start": 1741244870796, "stop": 1741244877945}, {"name": "Инициализация класса", "status": "passed", "parameters": [{"name": "driver", "value": "<selenium.webdriver.firefox.webdriver.WebDriver (session=\"78bfe3df-9c9c-4403-8439-92fa10bda852\")>"}], "start": 1741244877946, "stop": 1741244877946}, {"name": "Открыть страницу Логина", "status": "passed", "steps": [{"name": "Открытие 'https://stellarburgers.nomoreparties.site/login'", "status": "passed", "parameters": [{"name": "url", "value": "'https://stellarburgers.nomoreparties.site/login'"}], "start": 1741244877946, "stop": 1741244879217}], "start": 1741244877946, "stop": 1741244879217}, {"name": "Ввести почту и пароль", "status": "passed", "steps": [{"name": "Ввод 'elizabethpalmer@example.com' по локатору ('xpath', \"(.//fieldset[@class='Auth_fieldset__1QzWN mb-6'])//input[@name='name']\")", "status": "passed", "parameters": [{"name": "locator", "value": "('xpath', \"(.//fieldset[@class='Auth_fieldset__1QzWN mb-6'])//input[@name='name']\")"}, {"name": "keys", "value": "'elizabethpalmer@example.com'"}], "start": 1741244879218, "stop": 1741244879338}, {"name": "Ввод '*5Fi5O6xpR' по локатору ('xpath', \"(.//fieldset[@class='Auth_fieldset__1QzWN mb-6'])//input[@name='Пароль']\")", "status": "passed", "parameters": [{"name": "locator", "value": "('xpath', \"(.//fieldset[@class='Auth_fieldset__1QzWN mb-6'])//input[@name='Пароль']\")"}, {"name": "keys", "value": "'*5Fi5O6xpR'"}], "start": 1741244879338, "stop": 1741244879385}], "parameters": [{"name": "email", "value": "'elizabethpalmer@example.com'"}, {"name": "password", "value": "'*5Fi5O6xpR'"}], "start": 1741244879218, "stop": 1741244879385}, {"name": "Кликнуть по кнопке Войти", "status": "broken", "statusDetails": {"message": "selenium.common.exceptions.ElementClickInterceptedException: Message: Element <button class=\"button_button__33qZ0 button_button_type_primary__1O7Bx button_button_size_medium__3zxIa\"> is not clickable at point (636,548) because another element <div class=\"Modal_modal_overlay__x2ZCr\"> obscures it\nStacktrace:\nRemoteError@chrome://remote/content/shared/RemoteError.sys.mjs:8:8\nWebDriverError@chrome://remote/content/shared/webdriver/Errors.sys.mjs:197:5\nElementClickInterceptedError@chrome://remote/content/shared/webdriver/Errors.sys.mjs:342:5\nwebdriverClickElement@chrome://remote/content/marionette/interaction.sys.mjs:177:11\ninteraction.clickElement@chrome://remote/content/marionette/interaction.sys.mjs:136:11\nclickElement@chrome://remote/content/marionette/actors/MarionetteCommandsChild.sys.mjs:344:29\nreceiveMessage@chrome://remote/content/marionette/actors/MarionetteCommandsChild.sys.mjs:220:31\n\n", "trace": "  File \"D:\\Imagination\\QA\\PyCharmProjects\\diplom\\Diplom_3\\.venv\\Lib\\site-packages\\allure_commons\\_allure.py\", line 192, in impl\n    return func(*a, **kw)\n           ^^^^^^^^^^^^^^\n  File \"D:\\Imagination\\QA\\PyCharmProjects\\diplom\\Diplom_3\\pages\\login_page.py\", line 20, in click_enter_button\n    self._click_locator(ENTER_BUTTON)\n  File \"D:\\Imagination\\QA\\PyCharmProjects\\diplom\\Diplom_3\\.venv\\Lib\\site-packages\\allure_commons\\_allure.py\", line 192, in impl\n    return func(*a, **kw)\n           ^^^^^^^^^^^^^^\n  File \"D:\\Imagination\\QA\\PyCharmProjects\\diplom\\Diplom_3\\pages\\base_page.py\", line 21, in _click_locator\n    locator_to_click.click()\n  File \"D:\\Imagination\\QA\\PyCharmProjects\\diplom\\Diplom_3\\.venv\\Lib\\site-packages\\selenium\\webdriver\\remote\\webelement.py\", line 94, in click\n    self._execute(Command.CLICK_ELEMENT)\n  File \"D:\\Imagination\\QA\\PyCharmProjects\\diplom\\Diplom_3\\.venv\\Lib\\site-packages\\selenium\\webdriver\\remote\\webelement.py\", line 395, in _execute\n    return self._parent.execute(command, params)\n           ^^^^^^^^^^^^^^^^^^^^^^^^^^^^^^^^^^^^^\n  File \"D:\\Imagination\\QA\\PyCharmProjects\\diplom\\Diplom_3\\.venv\\Lib\\site-packages\\selenium\\webdriver\\remote\\webdriver.py\", line 384, in execute\n    self.error_handler.check_response(response)\n  File \"D:\\Imagination\\QA\\PyCharmProjects\\diplom\\Diplom_3\\.venv\\Lib\\site-packages\\selenium\\webdriver\\remote\\errorhandler.py\", line 232, in check_response\n    raise exception_class(message, screen, stacktrace)\n"}, "steps": [{"name": "Клик по локатору ('xpath', \".//button[@class='button_button__33qZ0 button_button_type_primary__1O7Bx button_button_size_medium__3zxIa' and text() ='Войти']\")", "status": "broken", "statusDetails": {"message": "selenium.common.exceptions.ElementClickInterceptedException: Message: Element <button class=\"button_button__33qZ0 button_button_type_primary__1O7Bx button_button_size_medium__3zxIa\"> is not clickable at point (636,548) because another element <div class=\"Modal_modal_overlay__x2ZCr\"> obscures it\nStacktrace:\nRemoteError@chrome://remote/content/shared/RemoteError.sys.mjs:8:8\nWebDriverError@chrome://remote/content/shared/webdriver/Errors.sys.mjs:197:5\nElementClickInterceptedError@chrome://remote/content/shared/webdriver/Errors.sys.mjs:342:5\nwebdriverClickElement@chrome://remote/content/marionette/interaction.sys.mjs:177:11\ninteraction.clickElement@chrome://remote/content/marionette/interaction.sys.mjs:136:11\nclickElement@chrome://remote/content/marionette/actors/MarionetteCommandsChild.sys.mjs:344:29\nreceiveMessage@chrome://remote/content/marionette/actors/MarionetteCommandsChild.sys.mjs:220:31\n\n", "trace": "  File \"D:\\Imagination\\QA\\PyCharmProjects\\diplom\\Diplom_3\\.venv\\Lib\\site-packages\\allure_commons\\_allure.py\", line 192, in impl\n    return func(*a, **kw)\n           ^^^^^^^^^^^^^^\n  File \"D:\\Imagination\\QA\\PyCharmProjects\\diplom\\Diplom_3\\pages\\base_page.py\", line 21, in _click_locator\n    locator_to_click.click()\n  File \"D:\\Imagination\\QA\\PyCharmProjects\\diplom\\Diplom_3\\.venv\\Lib\\site-packages\\selenium\\webdriver\\remote\\webelement.py\", line 94, in click\n    self._execute(Command.CLICK_ELEMENT)\n  File \"D:\\Imagination\\QA\\PyCharmProjects\\diplom\\Diplom_3\\.venv\\Lib\\site-packages\\selenium\\webdriver\\remote\\webelement.py\", line 395, in _execute\n    return self._parent.execute(command, params)\n           ^^^^^^^^^^^^^^^^^^^^^^^^^^^^^^^^^^^^^\n  File \"D:\\Imagination\\QA\\PyCharmProjects\\diplom\\Diplom_3\\.venv\\Lib\\site-packages\\selenium\\webdriver\\remote\\webdriver.py\", line 384, in execute\n    self.error_handler.check_response(response)\n  File \"D:\\Imagination\\QA\\PyCharmProjects\\diplom\\Diplom_3\\.venv\\Lib\\site-packages\\selenium\\webdriver\\remote\\errorhandler.py\", line 232, in check_response\n    raise exception_class(message, screen, stacktrace)\n"}, "parameters": [{"name": "locator", "value": "('xpath', \".//button[@class='button_button__33qZ0 button_button_type_primary__1O7Bx button_button_size_medium__3zxIa' and text() ='Войти']\")"}], "start": 1741244879385, "stop": 1741244879463}], "start": 1741244879385, "stop": 1741244879464}, {"name": "Удаление пользователя с токеном", "status": "passed", "parameters": [{"name": "access_token", "value": "'Bearer eyJhbGciOiJIUzI1NiIsInR5cCI6IkpXVCJ9.eyJpZCI6IjY3Yzk0OWM2OWVkMjgwMDAxYjU4YmQ2NiIsImlhdCI6MTc0MTI0NDg3MCwiZXhwIjoxNzQxMjQ2MDcwfQ.toqPqW5dT2kX85di0F7DzCf0uDzdd0p4b1cKjMy6ReE'"}], "start": 1741244879465, "stop": 1741244880021}], "start": 1741244870543, "stop": 1741244883071}], "start": 1741244870543, "stop": 1741244883167}