{"uuid": "65450e1b-3059-4415-95f3-bc8b36661619", "children": ["9d7cb942-1e25-4905-85fb-d58a91a6243c"], "befores": [{"name": "logged_in_main_page_driver", "status": "failed", "statusDetails": {"message": "AssertionError: ElementClickInterceptedException()\nassert False\n", "trace": "  File \"D:\\Imagination\\QA\\PyCharmProjects\\diplom\\Diplom_3\\.venv\\Lib\\site-packages\\pluggy\\_callers.py\", line 167, in _multicall\n    teardown.throw(outcome._exception)\n  File \"D:\\Imagination\\QA\\PyCharmProjects\\diplom\\Diplom_3\\.venv\\Lib\\site-packages\\_pytest\\setuponly.py\", line 36, in pytest_fixture_setup\n    return (yield)\n            ^^^^^\n  File \"D:\\Imagination\\QA\\PyCharmProjects\\diplom\\Diplom_3\\.venv\\Lib\\site-packages\\pluggy\\_callers.py\", line 103, in _multicall\n    res = hook_impl.function(*args)\n          ^^^^^^^^^^^^^^^^^^^^^^^^^\n  File \"D:\\Imagination\\QA\\PyCharmProjects\\diplom\\Diplom_3\\.venv\\Lib\\site-packages\\_pytest\\fixtures.py\", line 1140, in pytest_fixture_setup\n    result = call_fixture_func(fixturefunc, request, kwargs)\n             ^^^^^^^^^^^^^^^^^^^^^^^^^^^^^^^^^^^^^^^^^^^^^^^\n  File \"D:\\Imagination\\QA\\PyCharmProjects\\diplom\\Diplom_3\\.venv\\Lib\\site-packages\\_pytest\\fixtures.py\", line 891, in call_fixture_func\n    fixture_result = next(generator)\n                     ^^^^^^^^^^^^^^^\n  File \"D:\\Imagination\\QA\\PyCharmProjects\\diplom\\Diplom_3\\conftest.py\", line 46, in logged_in_main_page_driver\n    assert False, e\n"}, "steps": [{"name": "Регистрация пользователя с данными {'email': 'carterjacob@example.com', 'password': '75xNRknw#!', 'name': 'Amber Petty'}", "status": "passed", "parameters": [{"name": "user_data", "value": "{'email': 'carterjacob@example.com', 'password': '75xNRknw#!', 'name': 'Amber Petty'}"}], "start": 1741245218213, "stop": 1741245218432}, {"name": "Настройка драйвера браузера 'firefox'", "status": "passed", "parameters": [{"name": "browser", "value": "'firefox'"}], "start": 1741245218432, "stop": 1741245225235}, {"name": "Инициализация класса", "status": "passed", "parameters": [{"name": "driver", "value": "<selenium.webdriver.firefox.webdriver.WebDriver (session=\"16c18d6d-dd4d-4fbb-a5e7-bd7d17b02270\")>"}], "start": 1741245225235, "stop": 1741245225235}, {"name": "Открыть страницу Логина", "status": "passed", "steps": [{"name": "Открытие 'https://stellarburgers.nomoreparties.site/login'", "status": "passed", "parameters": [{"name": "url", "value": "'https://stellarburgers.nomoreparties.site/login'"}], "start": 1741245225235, "stop": 1741245226644}], "start": 1741245225235, "stop": 1741245226644}, {"name": "Ввести почту и пароль", "status": "passed", "steps": [{"name": "Ввод 'carterjacob@example.com' по локатору ('xpath', \"(.//fieldset[@class='Auth_fieldset__1QzWN mb-6'])//input[@name='name']\")", "status": "passed", "parameters": [{"name": "locator", "value": "('xpath', \"(.//fieldset[@class='Auth_fieldset__1QzWN mb-6'])//input[@name='name']\")"}, {"name": "keys", "value": "'carterjacob@example.com'"}], "start": 1741245226644, "stop": 1741245226816}, {"name": "Ввод '75xNRknw#!' по локатору ('xpath', \"(.//fieldset[@class='Auth_fieldset__1QzWN mb-6'])//input[@name='Пароль']\")", "status": "passed", "parameters": [{"name": "locator", "value": "('xpath', \"(.//fieldset[@class='Auth_fieldset__1QzWN mb-6'])//input[@name='Пароль']\")"}, {"name": "keys", "value": "'75xNRknw#!'"}], "start": 1741245226816, "stop": 1741245226886}], "parameters": [{"name": "email", "value": "'carterjacob@example.com'"}, {"name": "password", "value": "'75xNRknw#!'"}], "start": 1741245226644, "stop": 1741245226886}, {"name": "Кликнуть по кнопке Войти", "status": "broken", "statusDetails": {"message": "selenium.common.exceptions.ElementClickInterceptedException: Message: Element <button class=\"button_button__33qZ0 button_button_type_primary__1O7Bx button_button_size_medium__3zxIa\"> is not clickable at point (636,548) because another element <div class=\"Modal_modal_overlay__x2ZCr\"> obscures it\nStacktrace:\nRemoteError@chrome://remote/content/shared/RemoteError.sys.mjs:8:8\nWebDriverError@chrome://remote/content/shared/webdriver/Errors.sys.mjs:197:5\nElementClickInterceptedError@chrome://remote/content/shared/webdriver/Errors.sys.mjs:342:5\nwebdriverClickElement@chrome://remote/content/marionette/interaction.sys.mjs:177:11\ninteraction.clickElement@chrome://remote/content/marionette/interaction.sys.mjs:136:11\nclickElement@chrome://remote/content/marionette/actors/MarionetteCommandsChild.sys.mjs:344:29\nreceiveMessage@chrome://remote/content/marionette/actors/MarionetteCommandsChild.sys.mjs:220:31\n\n", "trace": "  File \"D:\\Imagination\\QA\\PyCharmProjects\\diplom\\Diplom_3\\.venv\\Lib\\site-packages\\allure_commons\\_allure.py\", line 192, in impl\n    return func(*a, **kw)\n           ^^^^^^^^^^^^^^\n  File \"D:\\Imagination\\QA\\PyCharmProjects\\diplom\\Diplom_3\\pages\\login_page.py\", line 20, in click_enter_button\n    self._click_locator(ENTER_BUTTON)\n  File \"D:\\Imagination\\QA\\PyCharmProjects\\diplom\\Diplom_3\\.venv\\Lib\\site-packages\\allure_commons\\_allure.py\", line 192, in impl\n    return func(*a, **kw)\n           ^^^^^^^^^^^^^^\n  File \"D:\\Imagination\\QA\\PyCharmProjects\\diplom\\Diplom_3\\pages\\base_page.py\", line 21, in _click_locator\n    locator_to_click.click()\n  File \"D:\\Imagination\\QA\\PyCharmProjects\\diplom\\Diplom_3\\.venv\\Lib\\site-packages\\selenium\\webdriver\\remote\\webelement.py\", line 94, in click\n    self._execute(Command.CLICK_ELEMENT)\n  File \"D:\\Imagination\\QA\\PyCharmProjects\\diplom\\Diplom_3\\.venv\\Lib\\site-packages\\selenium\\webdriver\\remote\\webelement.py\", line 395, in _execute\n    return self._parent.execute(command, params)\n           ^^^^^^^^^^^^^^^^^^^^^^^^^^^^^^^^^^^^^\n  File \"D:\\Imagination\\QA\\PyCharmProjects\\diplom\\Diplom_3\\.venv\\Lib\\site-packages\\selenium\\webdriver\\remote\\webdriver.py\", line 384, in execute\n    self.error_handler.check_response(response)\n  File \"D:\\Imagination\\QA\\PyCharmProjects\\diplom\\Diplom_3\\.venv\\Lib\\site-packages\\selenium\\webdriver\\remote\\errorhandler.py\", line 232, in check_response\n    raise exception_class(message, screen, stacktrace)\n"}, "steps": [{"name": "Клик по локатору ('xpath', \".//button[@class='button_button__33qZ0 button_button_type_primary__1O7Bx button_button_size_medium__3zxIa' and text() ='Войти']\")", "status": "broken", "statusDetails": {"message": "selenium.common.exceptions.ElementClickInterceptedException: Message: Element <button class=\"button_button__33qZ0 button_button_type_primary__1O7Bx button_button_size_medium__3zxIa\"> is not clickable at point (636,548) because another element <div class=\"Modal_modal_overlay__x2ZCr\"> obscures it\nStacktrace:\nRemoteError@chrome://remote/content/shared/RemoteError.sys.mjs:8:8\nWebDriverError@chrome://remote/content/shared/webdriver/Errors.sys.mjs:197:5\nElementClickInterceptedError@chrome://remote/content/shared/webdriver/Errors.sys.mjs:342:5\nwebdriverClickElement@chrome://remote/content/marionette/interaction.sys.mjs:177:11\ninteraction.clickElement@chrome://remote/content/marionette/interaction.sys.mjs:136:11\nclickElement@chrome://remote/content/marionette/actors/MarionetteCommandsChild.sys.mjs:344:29\nreceiveMessage@chrome://remote/content/marionette/actors/MarionetteCommandsChild.sys.mjs:220:31\n\n", "trace": "  File \"D:\\Imagination\\QA\\PyCharmProjects\\diplom\\Diplom_3\\.venv\\Lib\\site-packages\\allure_commons\\_allure.py\", line 192, in impl\n    return func(*a, **kw)\n           ^^^^^^^^^^^^^^\n  File \"D:\\Imagination\\QA\\PyCharmProjects\\diplom\\Diplom_3\\pages\\base_page.py\", line 21, in _click_locator\n    locator_to_click.click()\n  File \"D:\\Imagination\\QA\\PyCharmProjects\\diplom\\Diplom_3\\.venv\\Lib\\site-packages\\selenium\\webdriver\\remote\\webelement.py\", line 94, in click\n    self._execute(Command.CLICK_ELEMENT)\n  File \"D:\\Imagination\\QA\\PyCharmProjects\\diplom\\Diplom_3\\.venv\\Lib\\site-packages\\selenium\\webdriver\\remote\\webelement.py\", line 395, in _execute\n    return self._parent.execute(command, params)\n           ^^^^^^^^^^^^^^^^^^^^^^^^^^^^^^^^^^^^^\n  File \"D:\\Imagination\\QA\\PyCharmProjects\\diplom\\Diplom_3\\.venv\\Lib\\site-packages\\selenium\\webdriver\\remote\\webdriver.py\", line 384, in execute\n    self.error_handler.check_response(response)\n  File \"D:\\Imagination\\QA\\PyCharmProjects\\diplom\\Diplom_3\\.venv\\Lib\\site-packages\\selenium\\webdriver\\remote\\errorhandler.py\", line 232, in check_response\n    raise exception_class(message, screen, stacktrace)\n"}, "parameters": [{"name": "locator", "value": "('xpath', \".//button[@class='button_button__33qZ0 button_button_type_primary__1O7Bx button_button_size_medium__3zxIa' and text() ='Войти']\")"}], "start": 1741245226886, "stop": 1741245226954}], "start": 1741245226886, "stop": 1741245226956}, {"name": "Удаление пользователя с токеном", "status": "passed", "parameters": [{"name": "access_token", "value": "'Bearer eyJhbGciOiJIUzI1NiIsInR5cCI6IkpXVCJ9.eyJpZCI6IjY3Yzk0YjIyOWVkMjgwMDAxYjU4YmQ4ZCIsImlhdCI6MTc0MTI0NTIxOCwiZXhwIjoxNzQxMjQ2NDE4fQ.hW-UIkqlFJSdtvH_-tMwwKy_DJ5uh0AvuFvU2Yff7hk'"}], "start": 1741245226957, "stop": 1741245227525}], "start": 1741245218210, "stop": 1741245230641}], "start": 1741245218210, "stop": 1741245243029}