{"name": "После оформления заказа его номер появляется в разделе В работе", "status": "broken", "statusDetails": {"message": "selenium.common.exceptions.TimeoutException: Message:", "trace": "self = <test_feed_page.TestFeedPage object at 0x000001B579EF6930>\nlogged_in_main_page_driver = <selenium.webdriver.firefox.webdriver.WebDriver (session=\"129590eb-5183-4780-b04a-3d2dbe5ea7a2\")>\n\n    @allure.title('После оформления заказа его номер появляется в разделе В работе')\n    def test_order_number_in_work(self, logged_in_main_page_driver):\n        main_page = MainPage(logged_in_main_page_driver)\n        main_page.open()\n        main_page.add_buns_to_order()\n        main_page.click_make_order_button()\n>       main_page.get_order_number()\n\ntests\\test_feed_page.py:61: \n_ _ _ _ _ _ _ _ _ _ _ _ _ _ _ _ _ _ _ _ _ _ _ _ _ _ _ _ _ _ _ _ _ _ _ _ _ _ _ _\npages\\main_page.py:56: in get_order_number\n    self._wait_text_not_to_be_present_in_element(ORDER_NUMBER, '9999')\npages\\base_page.py:61: in _wait_text_not_to_be_present_in_element\n    WebDriverWait(self.driver, 30).until_not(expected_conditions.text_to_be_present_in_element(locator, text))\n_ _ _ _ _ _ _ _ _ _ _ _ _ _ _ _ _ _ _ _ _ _ _ _ _ _ _ _ _ _ _ _ _ _ _ _ _ _ _ _\n\nself = <selenium.webdriver.support.wait.WebDriverWait (session=\"129590eb-5183-4780-b04a-3d2dbe5ea7a2\")>\nmethod = <function text_to_be_present_in_element.<locals>._predicate at 0x000001B57A3EE480>\nmessage = ''\n\n    def until_not(self, method: Callable[[D], T], message: str = \"\") -> Union[T, Literal[True]]:\n        \"\"\"Calls the method provided with the driver as an argument until the \\\n        return value evaluates to ``False``.\n    \n        :param method: callable(WebDriver)\n        :param message: optional message for :exc:`TimeoutException`\n        :returns: the result of the last call to `method`, or\n                  ``True`` if `method` has raised one of the ignored exceptions\n        :raises: :exc:`selenium.common.exceptions.TimeoutException` if timeout occurs\n        \"\"\"\n        end_time = time.monotonic() + self._timeout\n        while True:\n            try:\n                value = method(self._driver)\n                if not value:\n                    return value\n            except self._ignored_exceptions:\n                return True\n            if time.monotonic() > end_time:\n                break\n            time.sleep(self._poll)\n>       raise TimeoutException(message)\nE       selenium.common.exceptions.TimeoutException: Message:\n\n.venv\\Lib\\site-packages\\selenium\\webdriver\\support\\wait.py:128: TimeoutException"}, "steps": [{"name": "Инициализация класса", "status": "passed", "parameters": [{"name": "driver", "value": "<selenium.webdriver.firefox.webdriver.WebDriver (session=\"129590eb-5183-4780-b04a-3d2dbe5ea7a2\")>"}], "start": 1741244975834, "stop": 1741244975834}, {"name": "Открыть Главную страницу", "status": "passed", "steps": [{"name": "Открытие 'https://stellarburgers.nomoreparties.site/'", "status": "passed", "parameters": [{"name": "url", "value": "'https://stellarburgers.nomoreparties.site/'"}], "start": 1741244975834, "stop": 1741244976411}], "start": 1741244975834, "stop": 1741244976411}, {"name": "Добавить булки в заказ", "status": "passed", "steps": [{"name": "Ожидать кликабельности элемента по локатору ('xpath', \"//p[text()='Флюоресцентная булка R2-D3']\")", "status": "passed", "parameters": [{"name": "locator", "value": "('xpath', \"//p[text()='Флюоресцентная булка R2-D3']\")"}], "start": 1741244976411, "stop": 1741244976533}], "start": 1741244976411, "stop": 1741244977130}, {"name": "Кликнуть по кнопку Оформить заказ", "status": "passed", "steps": [{"name": "Клик по локатору ('xpath', './/button[text()=\"Оформить заказ\"]')", "status": "passed", "parameters": [{"name": "locator", "value": "('xpath', './/button[text()=\"Оформить заказ\"]')"}], "start": 1741244977130, "stop": 1741244977391}, {"name": "Ожидать отображения элемента по локатору ('xpath', \".//p[text()='идентификатор заказа']\")", "status": "passed", "parameters": [{"name": "locator", "value": "('xpath', \".//p[text()='идентификатор заказа']\")"}], "start": 1741244977391, "stop": 1741244977406}], "start": 1741244977130, "stop": 1741244977406}, {"name": "Получить номер заказа", "status": "broken", "statusDetails": {"message": "selenium.common.exceptions.TimeoutException: Message: \n\n", "trace": "  File \"D:\\Imagination\\QA\\PyCharmProjects\\diplom\\Diplom_3\\.venv\\Lib\\site-packages\\allure_commons\\_allure.py\", line 192, in impl\n    return func(*a, **kw)\n           ^^^^^^^^^^^^^^\n  File \"D:\\Imagination\\QA\\PyCharmProjects\\diplom\\Diplom_3\\pages\\main_page.py\", line 56, in get_order_number\n    self._wait_text_not_to_be_present_in_element(ORDER_NUMBER, '9999')\n  File \"D:\\Imagination\\QA\\PyCharmProjects\\diplom\\Diplom_3\\.venv\\Lib\\site-packages\\allure_commons\\_allure.py\", line 192, in impl\n    return func(*a, **kw)\n           ^^^^^^^^^^^^^^\n  File \"D:\\Imagination\\QA\\PyCharmProjects\\diplom\\Diplom_3\\pages\\base_page.py\", line 61, in _wait_text_not_to_be_present_in_element\n    WebDriverWait(self.driver, 30).until_not(expected_conditions.text_to_be_present_in_element(locator, text))\n  File \"D:\\Imagination\\QA\\PyCharmProjects\\diplom\\Diplom_3\\.venv\\Lib\\site-packages\\selenium\\webdriver\\support\\wait.py\", line 128, in until_not\n    raise TimeoutException(message)\n"}, "steps": [{"name": "Ожидать отсутствия текста у элемента по локатору ('xpath', \".//h2[contains(@class, 'Modal_modal__title_shadow__3ikwq Modal_modal__title__2L34m text text_type_digits-large mb-8')]\")", "status": "broken", "statusDetails": {"message": "selenium.common.exceptions.TimeoutException: Message: \n\n", "trace": "  File \"D:\\Imagination\\QA\\PyCharmProjects\\diplom\\Diplom_3\\.venv\\Lib\\site-packages\\allure_commons\\_allure.py\", line 192, in impl\n    return func(*a, **kw)\n           ^^^^^^^^^^^^^^\n  File \"D:\\Imagination\\QA\\PyCharmProjects\\diplom\\Diplom_3\\pages\\base_page.py\", line 61, in _wait_text_not_to_be_present_in_element\n    WebDriverWait(self.driver, 30).until_not(expected_conditions.text_to_be_present_in_element(locator, text))\n  File \"D:\\Imagination\\QA\\PyCharmProjects\\diplom\\Diplom_3\\.venv\\Lib\\site-packages\\selenium\\webdriver\\support\\wait.py\", line 128, in until_not\n    raise TimeoutException(message)\n"}, "parameters": [{"name": "locator", "value": "('xpath', \".//h2[contains(@class, 'Modal_modal__title_shadow__3ikwq Modal_modal__title__2L34m text text_type_digits-large mb-8')]\")"}, {"name": "text", "value": "'9999'"}], "start": 1741244977407, "stop": 1741245007479}], "start": 1741244977406, "stop": 1741245007481}], "parameters": [{"name": "logged_in_main_page_driver", "value": "'firefox'"}], "start": 1741244975833, "stop": 1741245007483, "uuid": "4d80d78f-58eb-4378-b9a8-8753e99bc10f", "historyId": "ceea633cf213a7efdc8fa1c7e4fba179", "testCaseId": "ceec57cda4f3788943393805ccf05fb3", "fullName": "tests.test_feed_page.TestFeedPage#test_order_number_in_work", "labels": [{"name": "parentSuite", "value": "tests"}, {"name": "suite", "value": "test_feed_page"}, {"name": "subSuite", "value": "TestFeedPage"}, {"name": "host", "value": "DESKTOP-COFPMM2"}, {"name": "thread", "value": "40156-MainThread"}, {"name": "framework", "value": "pytest"}, {"name": "language", "value": "cpython3"}, {"name": "package", "value": "tests.test_feed_page"}]}