{"uuid": "c64a77e6-570d-4aff-ab74-4f80812ebb8f", "children": ["4462d299-ec81-40de-b208-81454d608b38"], "befores": [{"name": "logged_in_main_page_driver", "status": "failed", "statusDetails": {"message": "AssertionError: ElementClickInterceptedException()\nassert False\n", "trace": "  File \"D:\\Imagination\\QA\\PyCharmProjects\\diplom\\Diplom_3\\.venv\\Lib\\site-packages\\pluggy\\_callers.py\", line 167, in _multicall\n    teardown.throw(outcome._exception)\n  File \"D:\\Imagination\\QA\\PyCharmProjects\\diplom\\Diplom_3\\.venv\\Lib\\site-packages\\_pytest\\setuponly.py\", line 36, in pytest_fixture_setup\n    return (yield)\n            ^^^^^\n  File \"D:\\Imagination\\QA\\PyCharmProjects\\diplom\\Diplom_3\\.venv\\Lib\\site-packages\\pluggy\\_callers.py\", line 103, in _multicall\n    res = hook_impl.function(*args)\n          ^^^^^^^^^^^^^^^^^^^^^^^^^\n  File \"D:\\Imagination\\QA\\PyCharmProjects\\diplom\\Diplom_3\\.venv\\Lib\\site-packages\\_pytest\\fixtures.py\", line 1140, in pytest_fixture_setup\n    result = call_fixture_func(fixturefunc, request, kwargs)\n             ^^^^^^^^^^^^^^^^^^^^^^^^^^^^^^^^^^^^^^^^^^^^^^^\n  File \"D:\\Imagination\\QA\\PyCharmProjects\\diplom\\Diplom_3\\.venv\\Lib\\site-packages\\_pytest\\fixtures.py\", line 891, in call_fixture_func\n    fixture_result = next(generator)\n                     ^^^^^^^^^^^^^^^\n  File \"D:\\Imagination\\QA\\PyCharmProjects\\diplom\\Diplom_3\\conftest.py\", line 46, in logged_in_main_page_driver\n    assert False, e\n"}, "steps": [{"name": "Регистрация пользователя с данными {'email': 'ubeasley@example.org', 'password': '%Ff1NzwsDj', 'name': 'Sarah Donovan'}", "status": "passed", "parameters": [{"name": "user_data", "value": "{'email': 'ubeasley@example.org', 'password': '%Ff1NzwsDj', 'name': 'Sarah Donovan'}"}], "start": 1741244911173, "stop": 1741244911407}, {"name": "Настройка драйвера браузера 'firefox'", "status": "passed", "parameters": [{"name": "browser", "value": "'firefox'"}], "start": 1741244911408, "stop": 1741244918118}, {"name": "Инициализация класса", "status": "passed", "parameters": [{"name": "driver", "value": "<selenium.webdriver.firefox.webdriver.WebDriver (session=\"d9ae53bc-d33d-437e-9d58-bcbfca7fd5e4\")>"}], "start": 1741244918118, "stop": 1741244918118}, {"name": "Открыть страницу Логина", "status": "passed", "steps": [{"name": "Открытие 'https://stellarburgers.nomoreparties.site/login'", "status": "passed", "parameters": [{"name": "url", "value": "'https://stellarburgers.nomoreparties.site/login'"}], "start": 1741244918118, "stop": 1741244920086}], "start": 1741244918118, "stop": 1741244920086}, {"name": "Ввести почту и пароль", "status": "passed", "steps": [{"name": "Ввод 'ubeasley@example.org' по локатору ('xpath', \"(.//fieldset[@class='Auth_fieldset__1QzWN mb-6'])//input[@name='name']\")", "status": "passed", "parameters": [{"name": "locator", "value": "('xpath', \"(.//fieldset[@class='Auth_fieldset__1QzWN mb-6'])//input[@name='name']\")"}, {"name": "keys", "value": "'ubeasley@example.org'"}], "start": 1741244920086, "stop": 1741244920209}, {"name": "Ввод '%Ff1NzwsDj' по локатору ('xpath', \"(.//fieldset[@class='Auth_fieldset__1QzWN mb-6'])//input[@name='Пароль']\")", "status": "passed", "parameters": [{"name": "locator", "value": "('xpath', \"(.//fieldset[@class='Auth_fieldset__1QzWN mb-6'])//input[@name='Пароль']\")"}, {"name": "keys", "value": "'%Ff1NzwsDj'"}], "start": 1741244920209, "stop": 1741244920265}], "parameters": [{"name": "email", "value": "'ubeasley@example.org'"}, {"name": "password", "value": "'%Ff1NzwsDj'"}], "start": 1741244920086, "stop": 1741244920265}, {"name": "Кликнуть по кнопке Войти", "status": "broken", "statusDetails": {"message": "selenium.common.exceptions.ElementClickInterceptedException: Message: Element <button class=\"button_button__33qZ0 button_button_type_primary__1O7Bx button_button_size_medium__3zxIa\"> is not clickable at point (636,548) because another element <div class=\"Modal_modal_overlay__x2ZCr\"> obscures it\nStacktrace:\nRemoteError@chrome://remote/content/shared/RemoteError.sys.mjs:8:8\nWebDriverError@chrome://remote/content/shared/webdriver/Errors.sys.mjs:197:5\nElementClickInterceptedError@chrome://remote/content/shared/webdriver/Errors.sys.mjs:342:5\nwebdriverClickElement@chrome://remote/content/marionette/interaction.sys.mjs:177:11\ninteraction.clickElement@chrome://remote/content/marionette/interaction.sys.mjs:136:11\nclickElement@chrome://remote/content/marionette/actors/MarionetteCommandsChild.sys.mjs:344:29\nreceiveMessage@chrome://remote/content/marionette/actors/MarionetteCommandsChild.sys.mjs:220:31\n\n", "trace": "  File \"D:\\Imagination\\QA\\PyCharmProjects\\diplom\\Diplom_3\\.venv\\Lib\\site-packages\\allure_commons\\_allure.py\", line 192, in impl\n    return func(*a, **kw)\n           ^^^^^^^^^^^^^^\n  File \"D:\\Imagination\\QA\\PyCharmProjects\\diplom\\Diplom_3\\pages\\login_page.py\", line 20, in click_enter_button\n    self._click_locator(ENTER_BUTTON)\n  File \"D:\\Imagination\\QA\\PyCharmProjects\\diplom\\Diplom_3\\.venv\\Lib\\site-packages\\allure_commons\\_allure.py\", line 192, in impl\n    return func(*a, **kw)\n           ^^^^^^^^^^^^^^\n  File \"D:\\Imagination\\QA\\PyCharmProjects\\diplom\\Diplom_3\\pages\\base_page.py\", line 21, in _click_locator\n    locator_to_click.click()\n  File \"D:\\Imagination\\QA\\PyCharmProjects\\diplom\\Diplom_3\\.venv\\Lib\\site-packages\\selenium\\webdriver\\remote\\webelement.py\", line 94, in click\n    self._execute(Command.CLICK_ELEMENT)\n  File \"D:\\Imagination\\QA\\PyCharmProjects\\diplom\\Diplom_3\\.venv\\Lib\\site-packages\\selenium\\webdriver\\remote\\webelement.py\", line 395, in _execute\n    return self._parent.execute(command, params)\n           ^^^^^^^^^^^^^^^^^^^^^^^^^^^^^^^^^^^^^\n  File \"D:\\Imagination\\QA\\PyCharmProjects\\diplom\\Diplom_3\\.venv\\Lib\\site-packages\\selenium\\webdriver\\remote\\webdriver.py\", line 384, in execute\n    self.error_handler.check_response(response)\n  File \"D:\\Imagination\\QA\\PyCharmProjects\\diplom\\Diplom_3\\.venv\\Lib\\site-packages\\selenium\\webdriver\\remote\\errorhandler.py\", line 232, in check_response\n    raise exception_class(message, screen, stacktrace)\n"}, "steps": [{"name": "Клик по локатору ('xpath', \".//button[@class='button_button__33qZ0 button_button_type_primary__1O7Bx button_button_size_medium__3zxIa' and text() ='Войти']\")", "status": "broken", "statusDetails": {"message": "selenium.common.exceptions.ElementClickInterceptedException: Message: Element <button class=\"button_button__33qZ0 button_button_type_primary__1O7Bx button_button_size_medium__3zxIa\"> is not clickable at point (636,548) because another element <div class=\"Modal_modal_overlay__x2ZCr\"> obscures it\nStacktrace:\nRemoteError@chrome://remote/content/shared/RemoteError.sys.mjs:8:8\nWebDriverError@chrome://remote/content/shared/webdriver/Errors.sys.mjs:197:5\nElementClickInterceptedError@chrome://remote/content/shared/webdriver/Errors.sys.mjs:342:5\nwebdriverClickElement@chrome://remote/content/marionette/interaction.sys.mjs:177:11\ninteraction.clickElement@chrome://remote/content/marionette/interaction.sys.mjs:136:11\nclickElement@chrome://remote/content/marionette/actors/MarionetteCommandsChild.sys.mjs:344:29\nreceiveMessage@chrome://remote/content/marionette/actors/MarionetteCommandsChild.sys.mjs:220:31\n\n", "trace": "  File \"D:\\Imagination\\QA\\PyCharmProjects\\diplom\\Diplom_3\\.venv\\Lib\\site-packages\\allure_commons\\_allure.py\", line 192, in impl\n    return func(*a, **kw)\n           ^^^^^^^^^^^^^^\n  File \"D:\\Imagination\\QA\\PyCharmProjects\\diplom\\Diplom_3\\pages\\base_page.py\", line 21, in _click_locator\n    locator_to_click.click()\n  File \"D:\\Imagination\\QA\\PyCharmProjects\\diplom\\Diplom_3\\.venv\\Lib\\site-packages\\selenium\\webdriver\\remote\\webelement.py\", line 94, in click\n    self._execute(Command.CLICK_ELEMENT)\n  File \"D:\\Imagination\\QA\\PyCharmProjects\\diplom\\Diplom_3\\.venv\\Lib\\site-packages\\selenium\\webdriver\\remote\\webelement.py\", line 395, in _execute\n    return self._parent.execute(command, params)\n           ^^^^^^^^^^^^^^^^^^^^^^^^^^^^^^^^^^^^^\n  File \"D:\\Imagination\\QA\\PyCharmProjects\\diplom\\Diplom_3\\.venv\\Lib\\site-packages\\selenium\\webdriver\\remote\\webdriver.py\", line 384, in execute\n    self.error_handler.check_response(response)\n  File \"D:\\Imagination\\QA\\PyCharmProjects\\diplom\\Diplom_3\\.venv\\Lib\\site-packages\\selenium\\webdriver\\remote\\errorhandler.py\", line 232, in check_response\n    raise exception_class(message, screen, stacktrace)\n"}, "parameters": [{"name": "locator", "value": "('xpath', \".//button[@class='button_button__33qZ0 button_button_type_primary__1O7Bx button_button_size_medium__3zxIa' and text() ='Войти']\")"}], "start": 1741244920265, "stop": 1741244920347}], "start": 1741244920265, "stop": 1741244920348}, {"name": "Удаление пользователя с токеном", "status": "passed", "parameters": [{"name": "access_token", "value": "'Bearer eyJhbGciOiJIUzI1NiIsInR5cCI6IkpXVCJ9.eyJpZCI6IjY3Yzk0OWVmOWVkMjgwMDAxYjU4YmQ3MCIsImlhdCI6MTc0MTI0NDkxMSwiZXhwIjoxNzQxMjQ2MTExfQ.DdNEkjpC-DsF3w1e4vpEB2qPS5xZPNTTDVmGDWcjNyE'"}], "start": 1741244920349, "stop": 1741244937242}], "start": 1741244911171, "stop": 1741244940213}], "start": 1741244911171, "stop": 1741244940290}