{"name": "После оформления заказа его номер появляется в разделе В работе", "status": "broken", "statusDetails": {"message": "selenium.common.exceptions.TimeoutException: Message:", "trace": "self = <test_feed_page.TestFeedPage object at 0x0000022F5E105FD0>\nlogged_in_main_page_driver = <selenium.webdriver.firefox.webdriver.WebDriver (session=\"3ba6a753-1a67-403f-9b61-e1c151d9b791\")>\n\n    @allure.title('После оформления заказа его номер появляется в разделе В работе')\n    def test_order_number_in_work(self, logged_in_main_page_driver):\n        main_page = MainPage(logged_in_main_page_driver)\n        main_page.open()\n        main_page.add_buns_to_order()\n        main_page.click_make_order_button()\n>       main_page.get_order_number()\n\ntests\\test_feed_page.py:61: \n_ _ _ _ _ _ _ _ _ _ _ _ _ _ _ _ _ _ _ _ _ _ _ _ _ _ _ _ _ _ _ _ _ _ _ _ _ _ _ _\npages\\main_page.py:63: in get_order_number\n    WebDriverWait(self.driver, 30).until_not(expected_conditions.text_to_be_present_in_element(ORDER_NUMBER, '9999'))\n_ _ _ _ _ _ _ _ _ _ _ _ _ _ _ _ _ _ _ _ _ _ _ _ _ _ _ _ _ _ _ _ _ _ _ _ _ _ _ _\n\nself = <selenium.webdriver.support.wait.WebDriverWait (session=\"3ba6a753-1a67-403f-9b61-e1c151d9b791\")>\nmethod = <function text_to_be_present_in_element.<locals>._predicate at 0x0000022F5E25F380>\nmessage = ''\n\n    def until_not(self, method: Callable[[D], T], message: str = \"\") -> Union[T, Literal[True]]:\n        \"\"\"Calls the method provided with the driver as an argument until the \\\n        return value evaluates to ``False``.\n    \n        :param method: callable(WebDriver)\n        :param message: optional message for :exc:`TimeoutException`\n        :returns: the result of the last call to `method`, or\n                  ``True`` if `method` has raised one of the ignored exceptions\n        :raises: :exc:`selenium.common.exceptions.TimeoutException` if timeout occurs\n        \"\"\"\n        end_time = time.monotonic() + self._timeout\n        while True:\n            try:\n                value = method(self._driver)\n                if not value:\n                    return value\n            except self._ignored_exceptions:\n                return True\n            if time.monotonic() > end_time:\n                break\n            time.sleep(self._poll)\n>       raise TimeoutException(message)\nE       selenium.common.exceptions.TimeoutException: Message:\n\n.venv\\Lib\\site-packages\\selenium\\webdriver\\support\\wait.py:128: TimeoutException"}, "steps": [{"name": "Инициализация класса", "status": "passed", "parameters": [{"name": "driver", "value": "<selenium.webdriver.firefox.webdriver.WebDriver (session=\"3ba6a753-1a67-403f-9b61-e1c151d9b791\")>"}], "start": 1741183196360, "stop": 1741183196360}, {"name": "Открыть Главную страницу", "status": "passed", "steps": [{"name": "Открытие 'https://stellarburgers.nomoreparties.site/'", "status": "passed", "parameters": [{"name": "url", "value": "'https://stellarburgers.nomoreparties.site/'"}], "start": 1741183196360, "stop": 1741183197130}], "start": 1741183196360, "stop": 1741183197130}, {"name": "Добавить булки в заказ", "status": "passed", "start": 1741183197130, "stop": 1741183198323}, {"name": "Кликнуть по кнопку Оформить заказ", "status": "passed", "steps": [{"name": "Клик по локатору ('xpath', './/button[text()=\"Оформить заказ\"]')", "status": "passed", "parameters": [{"name": "locator", "value": "('xpath', './/button[text()=\"Оформить заказ\"]')"}], "start": 1741183198323, "stop": 1741183198568}], "start": 1741183198323, "stop": 1741183198581}, {"name": "Получить номер заказа", "status": "broken", "statusDetails": {"message": "selenium.common.exceptions.TimeoutException: Message: \n\n", "trace": "  File \"D:\\Imagination\\QA\\PyCharmProjects\\diplom\\Diplom_3\\.venv\\Lib\\site-packages\\allure_commons\\_allure.py\", line 192, in impl\n    return func(*a, **kw)\n           ^^^^^^^^^^^^^^\n  File \"D:\\Imagination\\QA\\PyCharmProjects\\diplom\\Diplom_3\\pages\\main_page.py\", line 63, in get_order_number\n    WebDriverWait(self.driver, 30).until_not(expected_conditions.text_to_be_present_in_element(ORDER_NUMBER, '9999'))\n  File \"D:\\Imagination\\QA\\PyCharmProjects\\diplom\\Diplom_3\\.venv\\Lib\\site-packages\\selenium\\webdriver\\support\\wait.py\", line 128, in until_not\n    raise TimeoutException(message)\n"}, "start": 1741183198581, "stop": 1741183228643}], "parameters": [{"name": "logged_in_main_page_driver", "value": "'firefox'"}], "start": 1741183196359, "stop": 1741183228655, "uuid": "fb98f053-db9a-4ebe-b250-2edc8f652072", "historyId": "ceea633cf213a7efdc8fa1c7e4fba179", "testCaseId": "ceec57cda4f3788943393805ccf05fb3", "fullName": "tests.test_feed_page.TestFeedPage#test_order_number_in_work", "labels": [{"name": "parentSuite", "value": "tests"}, {"name": "suite", "value": "test_feed_page"}, {"name": "subSuite", "value": "TestFeedPage"}, {"name": "host", "value": "DESKTOP-COFPMM2"}, {"name": "thread", "value": "45108-MainThread"}, {"name": "framework", "value": "pytest"}, {"name": "language", "value": "cpython3"}, {"name": "package", "value": "tests.test_feed_page"}]}